{"logTime": "0904/044409", "correlationVector":"RwFy6zjFJg2FVWH7x4uovC.1","action":"SyncServerConnectionManagerRequest", "result":"SYNC_SERVER_OK", "context":{"environment":"Prod_EastUS2_000e", "migrationStage":"NotStarted", "server":"GENERAL0100002A"}}
{"logTime": "0904/044409", "correlationVector":"HIkr2jAK2Xur+eqQ0NlzbW","action":"SyncServerConnectionManagerRequest", "result":"SYNC_SERVER_OK", "context":{"environment":"", "migrationStage":"", "server":""}}
{"logTime": "0904/044409", "correlationVector":"RwFy6zjFJg2FVWH7x4uovC","action":"Initial GetUpdates", "result":"", "context":Reason: NEW_CLIENT. cV=RwFy6zjFJg2FVWH7x4uovC}
{"logTime": "0904/044409", "correlationVector":"RwFy6zjFJg2FVWH7x4uovC.2","action":"GetUpdates Response", "result":"Success", "context":Received 1 update(s). cV=RwFy6zjFJg2FVWH7x4uovC.0;server=GENERAL0100002A;cloudType=Consumer;environment=Prod_EastUS2_000e;migrationStage=NotStarted}
{"logTime": "0904/044409", "correlationVector":"d2LoJ3szXmgWhtMFEeIkVo","action":"Initial GetUpdates", "result":"", "context":Reason: NEWLY_SUPPORTED_DATATYPE. cV=d2LoJ3szXmgWhtMFEeIkVo}
{"logTime": "0904/044409", "correlationVector":"d2LoJ3szXmgWhtMFEeIkVo.1","action":"SyncServerConnectionManagerRequest", "result":"SYNC_SERVER_OK", "context":{"environment":"Prod_EastUS2_000e", "migrationStage":"NotStarted", "server":"GENERAL01000003"}}
{"logTime": "0904/044409", "correlationVector":"d2LoJ3szXmgWhtMFEeIkVo.2","action":"GetUpdates Response", "result":"Success", "context":Received 10 update(s). cV=d2LoJ3szXmgWhtMFEeIkVo.0;server=GENERAL01000003;cloudType=Consumer;environment=Prod_EastUS2_000e;migrationStage=NotStarted}
{"logTime": "0904/044409", "correlationVector":"9fUPjNuxsAbHHNQhFEY+nf","action":"Normal GetUpdate request", "result":"", "context":cV=9fUPjNuxsAbHHNQhFEY+nf
Nudged types: Device Info, User Consents
Refresh requested types: Device Info, User Consents, Send Tab To Self, Encryption Keys}
{"logTime": "0904/044410", "correlationVector":"9fUPjNuxsAbHHNQhFEY+nf.1","action":"SyncServerConnectionManagerRequest", "result":"SYNC_SERVER_OK", "context":{"environment":"Prod_EastUS2_000e", "migrationStage":"NotStarted", "server":"GENERAL0100002H"}}
{"logTime": "0904/044410", "correlationVector":"9fUPjNuxsAbHHNQhFEY+nf.2","action":"GetUpdates Response", "result":"Success", "context":Received 0 update(s). cV=9fUPjNuxsAbHHNQhFEY+nf.0;server=GENERAL0100002H;cloudType=Consumer;environment=Prod_EastUS2_000e;migrationStage=NotStarted}
{"logTime": "0904/044410", "correlationVector":"5VudgNbWpH+tPMqY5x70L5","action":"DoCompareDataConsistency requsted types: ", "result":"Send Tab To Self, Encryption Keys"}
{"logTime": "0904/044410", "correlationVector":"5VudgNbWpH+tPMqY5x70L5.0","action":"CompareDataConsistency result: ", "result":"Compare result: Encryption Keys is consistent. local entities count is: 1 local entities hash is: zT1FXOlgM17q8LWrvS33nFCWcWg="}
{"logTime": "0904/044410", "correlationVector":"5VudgNbWpH+tPMqY5x70L5.1","action":"CompareDataConsistency result: ", "result":"Server did not send this Send Tab To Self local entities count is: 0 local entities hash is: "}
{"logTime": "0904/044410", "correlationVector":"/NgfkDqC0RLu3GPWhk0A7e","action":"Commit Request", "result":"", "context":Item count: 2
Contributing types: Device Info, User Consents}
{"logTime": "0904/044410", "correlationVector":"/NgfkDqC0RLu3GPWhk0A7e.1","action":"SyncServerConnectionManagerRequest", "result":"SYNC_SERVER_OK", "context":{"environment":"Prod_EastUS2_000e", "migrationStage":"NotStarted", "server":"GENERAL0100001L"}}
{"logTime": "0904/044410", "correlationVector":"/NgfkDqC0RLu3GPWhk0A7e.2","action":"Commit Response", "result":"Success", "context":Result: Success. cV=/NgfkDqC0RLu3GPWhk0A7e.0;server=GENERAL0100001L;cloudType=Consumer;environment=Prod_EastUS2_000e;migrationStage=NotStarted}
{"logTime": "0904/044410", "correlationVector":"","action":"DIAGNOSTIC_REQUEST|v1/diagnosticData/Diagnostic.SendCheckResult()|SUCCESS", "result":""}
{"logTime": "0904/044410", "correlationVector":"YwttYl5CISOw1TmyaV4jS5","action":"Normal GetUpdate request", "result":"", "context":cV=YwttYl5CISOw1TmyaV4jS5
Nudged types: Device Info}
{"logTime": "0904/044410", "correlationVector":"YwttYl5CISOw1TmyaV4jS5.1","action":"SyncServerConnectionManagerRequest", "result":"SYNC_SERVER_OK", "context":{"environment":"Prod_EastUS2_000e", "migrationStage":"NotStarted", "server":"GENERAL0100000H"}}
{"logTime": "0904/044410", "correlationVector":"YwttYl5CISOw1TmyaV4jS5.2","action":"GetUpdates Response", "result":"Success", "context":Received 1 update(s). cV=YwttYl5CISOw1TmyaV4jS5.0;server=GENERAL0100000H;cloudType=Consumer;environment=Prod_EastUS2_000e;migrationStage=NotStarted}
{"logTime": "0904/044620", "correlationVector":"EFeA8wgXxq92M1hF/ZG4lV.1","action":"SyncServerConnectionManagerRequest", "result":"SYNC_SERVER_OK", "context":{"environment":"Prod_EastUS2_000e", "migrationStage":"NotStarted", "server":"GENERAL0100000U"}}
{"logTime": "0904/044621", "correlationVector":"X9Z0/rz9CNWTr0g1Ft39B6","action":"SyncServerConnectionManagerRequest", "result":"SYNC_SERVER_OK", "context":{"environment":"", "migrationStage":"", "server":""}}
{"logTime": "0904/044621", "correlationVector":"EFeA8wgXxq92M1hF/ZG4lV","action":"Initial GetUpdates", "result":"", "context":Reason: NEW_CLIENT. cV=EFeA8wgXxq92M1hF/ZG4lV}
{"logTime": "0904/044621", "correlationVector":"EFeA8wgXxq92M1hF/ZG4lV.2","action":"GetUpdates Response", "result":"Success", "context":Received 1 update(s). cV=EFeA8wgXxq92M1hF/ZG4lV.0;server=GENERAL0100000U;cloudType=Consumer;environment=Prod_EastUS2_000e;migrationStage=NotStarted}
{"logTime": "0904/044621", "correlationVector":"iiiFRrjl1rRgi8MvwUlXHl","action":"Initial GetUpdates", "result":"", "context":Reason: NEWLY_SUPPORTED_DATATYPE. cV=iiiFRrjl1rRgi8MvwUlXHl}
{"logTime": "0904/044621", "correlationVector":"iiiFRrjl1rRgi8MvwUlXHl.1","action":"SyncServerConnectionManagerRequest", "result":"SYNC_SERVER_OK", "context":{"environment":"Prod_EastUS2_000e", "migrationStage":"NotStarted", "server":"GENERAL0100000H"}}
{"logTime": "0904/044621", "correlationVector":"iiiFRrjl1rRgi8MvwUlXHl.2","action":"GetUpdates", "result":"DeleteReceived", "context":{"id":"c512855f-d4be-42c8-b847-bf84ebf95bbb", "isDeleted:":"true", "version":"1703041328916"}}
{"logTime": "0904/044621", "correlationVector":"iiiFRrjl1rRgi8MvwUlXHl.3","action":"GetUpdates", "result":"DeleteReceived", "context":{"id":"3bedc949-3ba2-45e7-9d06-7ca38b5a91df", "isDeleted:":"true", "version":"1703041328917"}}
{"logTime": "0904/044621", "correlationVector":"iiiFRrjl1rRgi8MvwUlXHl.4","action":"GetUpdates Response", "result":"Success", "context":Received 80 update(s). cV=iiiFRrjl1rRgi8MvwUlXHl.0;server=GENERAL0100000H;cloudType=Consumer;environment=Prod_EastUS2_000e;migrationStage=NotStarted}
{"logTime": "0904/044621", "correlationVector":"xNQIoOhFSt0RZXGvK5fvvU","action":"Initial GetUpdates", "result":"", "context":Reason: NEWLY_SUPPORTED_DATATYPE. cV=xNQIoOhFSt0RZXGvK5fvvU}
{"logTime": "0904/044621", "correlationVector":"xNQIoOhFSt0RZXGvK5fvvU.1","action":"SyncServerConnectionManagerRequest", "result":"SYNC_SERVER_OK", "context":{"environment":"Prod_EastUS2_000e", "migrationStage":"NotStarted", "server":"GENERAL0100000G"}}
{"logTime": "0904/044621", "correlationVector":"xNQIoOhFSt0RZXGvK5fvvU.2","action":"GetUpdates Response", "result":"Success", "context":Received 8 update(s). cV=xNQIoOhFSt0RZXGvK5fvvU.0;server=GENERAL0100000G;cloudType=Consumer;environment=Prod_EastUS2_000e;migrationStage=NotStarted}
{"logTime": "0904/044621", "correlationVector":"6CfIsjAOFXXl1FrSpwRZcP","action":"Initial GetUpdates", "result":"", "context":Reason: NEWLY_SUPPORTED_DATATYPE. cV=6CfIsjAOFXXl1FrSpwRZcP}
{"logTime": "0904/044621", "correlationVector":"6CfIsjAOFXXl1FrSpwRZcP.1","action":"SyncServerConnectionManagerRequest", "result":"SYNC_SERVER_OK", "context":{"environment":"Prod_EastUS2_000e", "migrationStage":"NotStarted", "server":"GENERAL01000024"}}
{"logTime": "0904/044621", "correlationVector":"6CfIsjAOFXXl1FrSpwRZcP.2","action":"GetUpdates", "result":"DeleteReceived", "context":{"id":"93578ab8-5c88-42fc-95ea-427d1add0508", "isDeleted:":"true", "version":"1720225799659"}}
{"logTime": "0904/044621", "correlationVector":"6CfIsjAOFXXl1FrSpwRZcP.3","action":"GetUpdates", "result":"DeleteReceived", "context":{"id":"2162d457-6a98-45b0-a2ed-0b3d69193600", "isDeleted:":"true", "version":"1720225799660"}}
{"logTime": "0904/044621", "correlationVector":"6CfIsjAOFXXl1FrSpwRZcP.4","action":"GetUpdates", "result":"DeleteReceived", "context":{"id":"df0ceb30-46b1-4b4d-a55c-34181c525835", "isDeleted:":"true", "version":"1720225799661"}}
{"logTime": "0904/044621", "correlationVector":"6CfIsjAOFXXl1FrSpwRZcP.5","action":"GetUpdates", "result":"DeleteReceived", "context":{"id":"8fd35e0e-7669-4ee4-ba39-5c84721b582d", "isDeleted:":"true", "version":"1724027765677"}}
{"logTime": "0904/044621", "correlationVector":"6CfIsjAOFXXl1FrSpwRZcP.6","action":"GetUpdates", "result":"DeleteReceived", "context":{"id":"024bb0f5-d651-4029-9338-3d2e137679dd", "isDeleted:":"true", "version":"1724031929575"}}
{"logTime": "0904/044621", "correlationVector":"6CfIsjAOFXXl1FrSpwRZcP.7","action":"GetUpdates", "result":"DeleteReceived", "context":{"id":"c0291498-af3a-4658-ba73-ee1426c47be7", "isDeleted:":"true", "version":"1724627924922"}}
{"logTime": "0904/044621", "correlationVector":"6CfIsjAOFXXl1FrSpwRZcP.8","action":"GetUpdates", "result":"DeleteReceived", "context":{"id":"fbbcc9f8-0cdb-42e3-beef-eb1242419586", "isDeleted:":"true", "version":"1725291184151"}}
{"logTime": "0904/044621", "correlationVector":"6CfIsjAOFXXl1FrSpwRZcP.9","action":"GetUpdates Response", "result":"Success", "context":Received 42 update(s). cV=6CfIsjAOFXXl1FrSpwRZcP.0;server=GENERAL01000024;cloudType=Consumer;environment=Prod_EastUS2_000e;migrationStage=NotStarted}
{"logTime": "0904/044621", "correlationVector":"vBCV4Wl3+pz4B4YikLY127","action":"Normal GetUpdate request", "result":"", "context":cV=vBCV4Wl3+pz4B4YikLY127
Nudged types: Sessions, Device Info
Refresh requested types: Bookmarks, Preferences, Passwords, Autofill Profiles, Autofill, Typed URLs, Extensions, Sessions, Extension settings, History Delete Directives, Device Info, User Consents, Send Tab To Self, Web Apps, Collection, Edge E Drop, Edge Hub App Usage, Edge Tab Group, Edge Wallet, Encryption Keys}
{"logTime": "0904/044622", "correlationVector":"vBCV4Wl3+pz4B4YikLY127.1","action":"SyncServerConnectionManagerRequest", "result":"SYNC_SERVER_OK", "context":{"environment":"Prod_EastUS2_000e", "migrationStage":"NotStarted", "server":"GENERAL01000029"}}
{"logTime": "0904/044622", "correlationVector":"vBCV4Wl3+pz4B4YikLY127.2","action":"GetUpdates Response", "result":"Success", "context":Received 0 update(s). cV=vBCV4Wl3+pz4B4YikLY127.0;server=GENERAL01000029;cloudType=Consumer;environment=Prod_EastUS2_000e;migrationStage=NotStarted}
{"logTime": "0904/044622", "correlationVector":"xWvKc7BIjCxultgVArj5lJ","action":"DoCompareDataConsistency requsted types: ", "result":"Bookmarks, Preferences, Passwords, Typed URLs, Extensions, Extension settings, History Delete Directives, Send Tab To Self, Web Apps, Collection, Edge E Drop, Edge Tab Group, Edge Wallet, Encryption Keys"}
{"logTime": "0904/044622", "correlationVector":"xWvKc7BIjCxultgVArj5lJ.0","action":"CompareDataConsistency result: ", "result":"Compare result: Encryption Keys is consistent. local entities count is: 1 local entities hash is: zT1FXOlgM17q8LWrvS33nFCWcWg="}
{"logTime": "0904/044622", "correlationVector":"xWvKc7BIjCxultgVArj5lJ.1","action":"CompareDataConsistency result: ", "result":"Compare result: Bookmarks is consistent. local entities count is: 6 local entities hash is: 0N06IydobWxThjDbQsYi6PpHa0s="}
{"logTime": "0904/044622", "correlationVector":"xWvKc7BIjCxultgVArj5lJ.2","action":"CompareDataConsistency result: ", "result":"Compare result: Preferences is consistent. local entities count is: 63 local entities hash is: G7DkiDFi6aeL4quu+l+ubD2J+pw="}
{"logTime": "0904/044622", "correlationVector":"xWvKc7BIjCxultgVArj5lJ.3","action":"CompareDataConsistency result: ", "result":"Server did not send this Typed URLs local entities count is: 0 local entities hash is: "}
{"logTime": "0904/044622", "correlationVector":"xWvKc7BIjCxultgVArj5lJ.4","action":"CompareDataConsistency result: ", "result":"Compare result: Extensions is consistent. local entities count is: 0 local entities hash is: "}
{"logTime": "0904/044622", "correlationVector":"xWvKc7BIjCxultgVArj5lJ.5","action":"CompareDataConsistency result: ", "result":"Compare result: Extension settings is consistent. local entities count is: 0 local entities hash is: "}
{"logTime": "0904/044622", "correlationVector":"xWvKc7BIjCxultgVArj5lJ.6","action":"CompareDataConsistency result: ", "result":"Compare result: History Delete Directives is consistent. local entities count is: 0 local entities hash is: "}
{"logTime": "0904/044622", "correlationVector":"xWvKc7BIjCxultgVArj5lJ.7","action":"CompareDataConsistency result: ", "result":"Server did not send this Send Tab To Self local entities count is: 0 local entities hash is: "}
{"logTime": "0904/044622", "correlationVector":"xWvKc7BIjCxultgVArj5lJ.8","action":"CompareDataConsistency result: ", "result":"Compare result: Web Apps is consistent. local entities count is: 0 local entities hash is: "}
{"logTime": "0904/044622", "correlationVector":"xWvKc7BIjCxultgVArj5lJ.9","action":"CompareDataConsistency result: ", "result":"Compare result: Collection is consistent. local entities count is: 0 local entities hash is: "}
{"logTime": "0904/044622", "correlationVector":"xWvKc7BIjCxultgVArj5lJ.10","action":"CompareDataConsistency result: ", "result":"Compare result: Edge E Drop is consistent. local entities count is: 0 local entities hash is: "}
{"logTime": "0904/044622", "correlationVector":"xWvKc7BIjCxultgVArj5lJ.11","action":"CompareDataConsistency result: ", "result":"Compare result: Edge Tab Group is consistent. local entities count is: 0 local entities hash is: "}
{"logTime": "0904/044622", "correlationVector":"xWvKc7BIjCxultgVArj5lJ.12","action":"CompareDataConsistency result: ", "result":"Compare result: Edge Wallet is consistent. local entities count is: 0 local entities hash is: "}
{"logTime": "0904/044622", "correlationVector":"xWvKc7BIjCxultgVArj5lJ.13","action":"CompareDataConsistency result: ", "result":"Compare result: Passwords is consistent. local entities count is: 15 local entities hash is: GGwDFanRR9V2lygoegqXWwM3Kqs="}
{"logTime": "0904/044622", "correlationVector":"p+rIKRYltxs8t4yd7L++f3","action":"Commit Request", "result":"", "context":Item count: 3
Contributing types: Sessions, Device Info}
{"logTime": "0904/044622", "correlationVector":"p+rIKRYltxs8t4yd7L++f3.1","action":"SyncServerConnectionManagerRequest", "result":"SYNC_SERVER_OK", "context":{"environment":"Prod_EastUS2_000e", "migrationStage":"NotStarted", "server":"GENERAL0100002E"}}
{"logTime": "0904/044622", "correlationVector":"p+rIKRYltxs8t4yd7L++f3.2","action":"Commit Response", "result":"Success", "context":Result: Success. cV=p+rIKRYltxs8t4yd7L++f3.0;server=GENERAL0100002E;cloudType=Consumer;environment=Prod_EastUS2_000e;migrationStage=NotStarted}
{"logTime": "0904/044622", "correlationVector":"","action":"DIAGNOSTIC_REQUEST|v1/diagnosticData/Diagnostic.SendCheckResult()|SUCCESS", "result":""}
{"logTime": "0904/044622", "correlationVector":"dXhvDYtg0CqysILQ68/5Ps","action":"Normal GetUpdate request", "result":"", "context":cV=dXhvDYtg0CqysILQ68/5Ps
Nudged types: Sessions, Device Info}
{"logTime": "0904/044622", "correlationVector":"dXhvDYtg0CqysILQ68/5Ps.1","action":"SyncServerConnectionManagerRequest", "result":"SYNC_SERVER_OK", "context":{"environment":"Prod_EastUS2_000e", "migrationStage":"NotStarted", "server":"GENERAL0100002V"}}
{"logTime": "0904/044622", "correlationVector":"dXhvDYtg0CqysILQ68/5Ps.2","action":"GetUpdates Response", "result":"Success", "context":Received 3 update(s). cV=dXhvDYtg0CqysILQ68/5Ps.0;server=GENERAL0100002V;cloudType=Consumer;environment=Prod_EastUS2_000e;migrationStage=NotStarted}
{"logTime": "0904/044840", "correlationVector":"Co3L8uvn9+xJZbJgc6UhUi.1","action":"SyncServerConnectionManagerRequest", "result":"SYNC_SERVER_OK", "context":{"environment":"Prod_EastUS2_000e", "migrationStage":"NotStarted", "server":"GENERAL0100001S"}}
{"logTime": "0904/044841", "correlationVector":"KWay7DWy9T5bwRu+UIaJZ9","action":"SyncServerConnectionManagerRequest", "result":"SYNC_SERVER_OK", "context":{"environment":"", "migrationStage":"", "server":""}}
{"logTime": "0904/044841", "correlationVector":"Co3L8uvn9+xJZbJgc6UhUi","action":"Initial GetUpdates", "result":"", "context":Reason: NEW_CLIENT. cV=Co3L8uvn9+xJZbJgc6UhUi}
{"logTime": "0904/044841", "correlationVector":"Co3L8uvn9+xJZbJgc6UhUi.2","action":"GetUpdates Response", "result":"Success", "context":Received 1 update(s). cV=Co3L8uvn9+xJZbJgc6UhUi.0;server=GENERAL0100001S;cloudType=Consumer;environment=Prod_EastUS2_000e;migrationStage=NotStarted}
{"logTime": "0904/044841", "correlationVector":"AkdCHgIMQpRRc/agjySDLt","action":"Initial GetUpdates", "result":"", "context":Reason: NEWLY_SUPPORTED_DATATYPE. cV=AkdCHgIMQpRRc/agjySDLt}
{"logTime": "0904/044841", "correlationVector":"AkdCHgIMQpRRc/agjySDLt.1","action":"SyncServerConnectionManagerRequest", "result":"SYNC_SERVER_OK", "context":{"environment":"Prod_EastUS2_000e", "migrationStage":"NotStarted", "server":"GENERAL0100002R"}}
{"logTime": "0904/044841", "correlationVector":"AkdCHgIMQpRRc/agjySDLt.2","action":"GetUpdates", "result":"DeleteReceived", "context":{"id":"c512855f-d4be-42c8-b847-bf84ebf95bbb", "isDeleted:":"true", "version":"1703041328916"}}
{"logTime": "0904/044841", "correlationVector":"AkdCHgIMQpRRc/agjySDLt.3","action":"GetUpdates", "result":"DeleteReceived", "context":{"id":"3bedc949-3ba2-45e7-9d06-7ca38b5a91df", "isDeleted:":"true", "version":"1703041328917"}}
{"logTime": "0904/044841", "correlationVector":"AkdCHgIMQpRRc/agjySDLt.4","action":"GetUpdates Response", "result":"Success", "context":Received 17 update(s). cV=AkdCHgIMQpRRc/agjySDLt.0;server=GENERAL0100002R;cloudType=Consumer;environment=Prod_EastUS2_000e;migrationStage=NotStarted}
{"logTime": "0904/044841", "correlationVector":"jk8nIDgewvNmoM1sFUTyHm","action":"Normal GetUpdate request", "result":"", "context":cV=jk8nIDgewvNmoM1sFUTyHm
Nudged types: Sessions
Refresh requested types: Bookmarks, Preferences, Passwords, Autofill Profiles, Autofill, Typed URLs, Extensions, Sessions, Extension settings, History Delete Directives, Device Info, User Consents, Send Tab To Self, Web Apps, Collection, Edge E Drop, Edge Hub App Usage, Edge Tab Group, Edge Wallet, Encryption Keys}
{"logTime": "0904/044842", "correlationVector":"jk8nIDgewvNmoM1sFUTyHm.1","action":"SyncServerConnectionManagerRequest", "result":"SYNC_SERVER_OK", "context":{"environment":"Prod_EastUS2_000e", "migrationStage":"NotStarted", "server":"GENERAL0100002S"}}
{"logTime": "0904/044842", "correlationVector":"jk8nIDgewvNmoM1sFUTyHm.2","action":"GetUpdates Response", "result":"Success", "context":Received 0 update(s). cV=jk8nIDgewvNmoM1sFUTyHm.0;server=GENERAL0100002S;cloudType=Consumer;environment=Prod_EastUS2_000e;migrationStage=NotStarted}
{"logTime": "0904/044842", "correlationVector":"R75gdev0Ck/yBUB3Eryavm","action":"DoCompareDataConsistency requsted types: ", "result":"Bookmarks, Preferences, Passwords, Typed URLs, Extensions, Extension settings, History Delete Directives, Send Tab To Self, Web Apps, Collection, Edge E Drop, Edge Tab Group, Edge Wallet, Encryption Keys"}
{"logTime": "0904/044842", "correlationVector":"R75gdev0Ck/yBUB3Eryavm.0","action":"CompareDataConsistency result: ", "result":"Compare result: Encryption Keys is consistent. local entities count is: 1 local entities hash is: zT1FXOlgM17q8LWrvS33nFCWcWg="}
{"logTime": "0904/044842", "correlationVector":"R75gdev0Ck/yBUB3Eryavm.1","action":"CompareDataConsistency result: ", "result":"Compare result: Bookmarks is consistent. local entities count is: 6 local entities hash is: 0N06IydobWxThjDbQsYi6PpHa0s="}
{"logTime": "0904/044842", "correlationVector":"R75gdev0Ck/yBUB3Eryavm.2","action":"CompareDataConsistency result: ", "result":"Compare result: Preferences is consistent. local entities count is: 63 local entities hash is: G7DkiDFi6aeL4quu+l+ubD2J+pw="}
{"logTime": "0904/044842", "correlationVector":"R75gdev0Ck/yBUB3Eryavm.3","action":"CompareDataConsistency result: ", "result":"Server did not send this Typed URLs local entities count is: 0 local entities hash is: "}
{"logTime": "0904/044842", "correlationVector":"R75gdev0Ck/yBUB3Eryavm.4","action":"CompareDataConsistency result: ", "result":"Compare result: Extensions is consistent. local entities count is: 0 local entities hash is: "}
{"logTime": "0904/044842", "correlationVector":"R75gdev0Ck/yBUB3Eryavm.5","action":"CompareDataConsistency result: ", "result":"Compare result: Extension settings is consistent. local entities count is: 0 local entities hash is: "}
{"logTime": "0904/044842", "correlationVector":"R75gdev0Ck/yBUB3Eryavm.6","action":"CompareDataConsistency result: ", "result":"Compare result: History Delete Directives is consistent. local entities count is: 0 local entities hash is: "}
{"logTime": "0904/044842", "correlationVector":"R75gdev0Ck/yBUB3Eryavm.7","action":"CompareDataConsistency result: ", "result":"Server did not send this Send Tab To Self local entities count is: 0 local entities hash is: "}
{"logTime": "0904/044842", "correlationVector":"R75gdev0Ck/yBUB3Eryavm.8","action":"CompareDataConsistency result: ", "result":"Compare result: Web Apps is consistent. local entities count is: 0 local entities hash is: "}
{"logTime": "0904/044842", "correlationVector":"R75gdev0Ck/yBUB3Eryavm.9","action":"CompareDataConsistency result: ", "result":"Compare result: Collection is consistent. local entities count is: 0 local entities hash is: "}
{"logTime": "0904/044842", "correlationVector":"R75gdev0Ck/yBUB3Eryavm.10","action":"CompareDataConsistency result: ", "result":"Compare result: Edge E Drop is consistent. local entities count is: 0 local entities hash is: "}
{"logTime": "0904/044842", "correlationVector":"R75gdev0Ck/yBUB3Eryavm.11","action":"CompareDataConsistency result: ", "result":"Compare result: Edge Tab Group is consistent. local entities count is: 0 local entities hash is: "}
{"logTime": "0904/044842", "correlationVector":"R75gdev0Ck/yBUB3Eryavm.12","action":"CompareDataConsistency result: ", "result":"Compare result: Edge Wallet is consistent. local entities count is: 0 local entities hash is: "}
{"logTime": "0904/044842", "correlationVector":"R75gdev0Ck/yBUB3Eryavm.13","action":"CompareDataConsistency result: ", "result":"Compare result: Passwords is consistent. local entities count is: 15 local entities hash is: GGwDFanRR9V2lygoegqXWwM3Kqs="}
{"logTime": "0904/044842", "correlationVector":"K/dvsrfOcEt5bacqYZXiv/","action":"Commit Request", "result":"", "context":Item count: 3
Contributing types: Sessions}
{"logTime": "0904/044842", "correlationVector":"K/dvsrfOcEt5bacqYZXiv/.1","action":"SyncServerConnectionManagerRequest", "result":"SYNC_SERVER_OK", "context":{"environment":"Prod_EastUS2_000e", "migrationStage":"NotStarted", "server":"GENERAL0100002G"}}
{"logTime": "0904/044842", "correlationVector":"K/dvsrfOcEt5bacqYZXiv/.3","action":"Commit.Sessions", "result":"Success", "context":{"id":"26fef4b8-9492-43df-8625-603d199a6fcd", "isDeleted":"true", "size":"0", "version":"1725425181958"}}
{"logTime": "0904/044842", "correlationVector":"K/dvsrfOcEt5bacqYZXiv/.2","action":"Commit Response", "result":"Success", "context":Result: Success. cV=K/dvsrfOcEt5bacqYZXiv/.0;server=GENERAL0100002G;cloudType=Consumer;environment=Prod_EastUS2_000e;migrationStage=NotStarted}
{"logTime": "0904/044842", "correlationVector":"","action":"DIAGNOSTIC_REQUEST|v1/diagnosticData/Diagnostic.SendCheckResult()|SUCCESS", "result":""}
{"logTime": "0904/045245", "correlationVector":"d5dzIKVjQMOoW0Brib33Af.1","action":"SyncServerConnectionManagerRequest", "result":"SYNC_SERVER_OK", "context":{"environment":"Prod_EastUS2_000e", "migrationStage":"NotStarted", "server":"GENERAL01000008"}}
{"logTime": "0904/045246", "correlationVector":"4zZizIohWJiiy2a9Bjb7Ha","action":"SyncServerConnectionManagerRequest", "result":"SYNC_SERVER_OK", "context":{"environment":"", "migrationStage":"", "server":""}}
{"logTime": "0904/045246", "correlationVector":"d5dzIKVjQMOoW0Brib33Af","action":"Initial GetUpdates", "result":"", "context":Reason: NEW_CLIENT. cV=d5dzIKVjQMOoW0Brib33Af}
{"logTime": "0904/045246", "correlationVector":"d5dzIKVjQMOoW0Brib33Af.2","action":"GetUpdates Response", "result":"Success", "context":Received 1 update(s). cV=d5dzIKVjQMOoW0Brib33Af.0;server=GENERAL01000008;cloudType=Consumer;environment=Prod_EastUS2_000e;migrationStage=NotStarted}
{"logTime": "0904/045246", "correlationVector":"WxwDHsgWWLhu4Y4Xn2zBJW","action":"Initial GetUpdates", "result":"", "context":Reason: NEWLY_SUPPORTED_DATATYPE. cV=WxwDHsgWWLhu4Y4Xn2zBJW}
{"logTime": "0904/045246", "correlationVector":"WxwDHsgWWLhu4Y4Xn2zBJW.1","action":"SyncServerConnectionManagerRequest", "result":"SYNC_SERVER_OK", "context":{"environment":"Prod_EastUS2_000e", "migrationStage":"NotStarted", "server":"GENERAL01000000"}}
{"logTime": "0904/045246", "correlationVector":"WxwDHsgWWLhu4Y4Xn2zBJW.2","action":"GetUpdates", "result":"DeleteReceived", "context":{"id":"c512855f-d4be-42c8-b847-bf84ebf95bbb", "isDeleted:":"true", "version":"1703041328916"}}
{"logTime": "0904/045246", "correlationVector":"WxwDHsgWWLhu4Y4Xn2zBJW.3","action":"GetUpdates", "result":"DeleteReceived", "context":{"id":"3bedc949-3ba2-45e7-9d06-7ca38b5a91df", "isDeleted:":"true", "version":"1703041328917"}}
{"logTime": "0904/045246", "correlationVector":"WxwDHsgWWLhu4Y4Xn2zBJW.4","action":"GetUpdates Response", "result":"Success", "context":Received 17 update(s). cV=WxwDHsgWWLhu4Y4Xn2zBJW.0;server=GENERAL01000000;cloudType=Consumer;environment=Prod_EastUS2_000e;migrationStage=NotStarted}
{"logTime": "0904/045246", "correlationVector":"1ukjQstMFYXlJMc69pzO4Y","action":"Normal GetUpdate request", "result":"", "context":cV=1ukjQstMFYXlJMc69pzO4Y
Nudged types: Sessions
Refresh requested types: Bookmarks, Preferences, Passwords, Autofill Profiles, Autofill, Typed URLs, Extensions, Sessions, Extension settings, History Delete Directives, Device Info, User Consents, Send Tab To Self, Web Apps, Collection, Edge E Drop, Edge Hub App Usage, Edge Tab Group, Edge Wallet, Encryption Keys}
{"logTime": "0904/045246", "correlationVector":"1ukjQstMFYXlJMc69pzO4Y.1","action":"SyncServerConnectionManagerRequest", "result":"SYNC_SERVER_OK", "context":{"environment":"Prod_EastUS2_000e", "migrationStage":"NotStarted", "server":"GENERAL0100000S"}}
{"logTime": "0904/045246", "correlationVector":"1ukjQstMFYXlJMc69pzO4Y.2","action":"GetUpdates", "result":"DeleteReceived", "context":{"id":"26fef4b8-9492-43df-8625-603d199a6fcd", "isDeleted:":"true", "version":"1725425321840"}}
{"logTime": "0904/045246", "correlationVector":"1ukjQstMFYXlJMc69pzO4Y.3","action":"GetUpdates Response", "result":"Success", "context":Received 3 update(s). cV=1ukjQstMFYXlJMc69pzO4Y.0;server=GENERAL0100000S;cloudType=Consumer;environment=Prod_EastUS2_000e;migrationStage=NotStarted}
{"logTime": "0904/045246", "correlationVector":"5cxti6qF8Qws7oK9kkLBWh","action":"DoCompareDataConsistency requsted types: ", "result":"Bookmarks, Preferences, Passwords, Typed URLs, Extensions, Extension settings, History Delete Directives, Send Tab To Self, Web Apps, Collection, Edge E Drop, Edge Tab Group, Edge Wallet, Encryption Keys"}
{"logTime": "0904/045246", "correlationVector":"5cxti6qF8Qws7oK9kkLBWh.0","action":"CompareDataConsistency result: ", "result":"Compare result: Encryption Keys is consistent. local entities count is: 1 local entities hash is: zT1FXOlgM17q8LWrvS33nFCWcWg="}
{"logTime": "0904/045246", "correlationVector":"5cxti6qF8Qws7oK9kkLBWh.1","action":"CompareDataConsistency result: ", "result":"Compare result: Bookmarks is consistent. local entities count is: 6 local entities hash is: 0N06IydobWxThjDbQsYi6PpHa0s="}
{"logTime": "0904/045246", "correlationVector":"5cxti6qF8Qws7oK9kkLBWh.2","action":"CompareDataConsistency result: ", "result":"Compare result: Preferences is consistent. local entities count is: 63 local entities hash is: G7DkiDFi6aeL4quu+l+ubD2J+pw="}
{"logTime": "0904/045246", "correlationVector":"5cxti6qF8Qws7oK9kkLBWh.3","action":"CompareDataConsistency result: ", "result":"Server did not send this Typed URLs local entities count is: 0 local entities hash is: "}
{"logTime": "0904/045246", "correlationVector":"5cxti6qF8Qws7oK9kkLBWh.4","action":"CompareDataConsistency result: ", "result":"Compare result: Extensions is consistent. local entities count is: 0 local entities hash is: "}
{"logTime": "0904/045246", "correlationVector":"5cxti6qF8Qws7oK9kkLBWh.5","action":"CompareDataConsistency result: ", "result":"Compare result: Extension settings is consistent. local entities count is: 0 local entities hash is: "}
{"logTime": "0904/045246", "correlationVector":"5cxti6qF8Qws7oK9kkLBWh.6","action":"CompareDataConsistency result: ", "result":"Compare result: History Delete Directives is consistent. local entities count is: 0 local entities hash is: "}
{"logTime": "0904/045246", "correlationVector":"5cxti6qF8Qws7oK9kkLBWh.7","action":"CompareDataConsistency result: ", "result":"Server did not send this Send Tab To Self local entities count is: 0 local entities hash is: "}
{"logTime": "0904/045246", "correlationVector":"5cxti6qF8Qws7oK9kkLBWh.8","action":"CompareDataConsistency result: ", "result":"Compare result: Web Apps is consistent. local entities count is: 0 local entities hash is: "}
{"logTime": "0904/045246", "correlationVector":"5cxti6qF8Qws7oK9kkLBWh.9","action":"CompareDataConsistency result: ", "result":"Compare result: Collection is consistent. local entities count is: 0 local entities hash is: "}
{"logTime": "0904/045246", "correlationVector":"5cxti6qF8Qws7oK9kkLBWh.10","action":"CompareDataConsistency result: ", "result":"Compare result: Edge E Drop is consistent. local entities count is: 0 local entities hash is: "}
{"logTime": "0904/045246", "correlationVector":"5cxti6qF8Qws7oK9kkLBWh.11","action":"CompareDataConsistency result: ", "result":"Compare result: Edge Tab Group is consistent. local entities count is: 0 local entities hash is: "}
{"logTime": "0904/045246", "correlationVector":"5cxti6qF8Qws7oK9kkLBWh.12","action":"CompareDataConsistency result: ", "result":"Compare result: Edge Wallet is consistent. local entities count is: 0 local entities hash is: "}
{"logTime": "0904/045246", "correlationVector":"5cxti6qF8Qws7oK9kkLBWh.13","action":"CompareDataConsistency result: ", "result":"Compare result: Passwords is consistent. local entities count is: 15 local entities hash is: GGwDFanRR9V2lygoegqXWwM3Kqs="}
{"logTime": "0904/045246", "correlationVector":"4Dp7skFM/d9W3ZqDcj0dg8","action":"Commit Request", "result":"", "context":Item count: 3
Contributing types: Sessions}
{"logTime": "0904/045247", "correlationVector":"4Dp7skFM/d9W3ZqDcj0dg8.1","action":"SyncServerConnectionManagerRequest", "result":"SYNC_SERVER_OK", "context":{"environment":"Prod_EastUS2_000e", "migrationStage":"NotStarted", "server":"GENERAL0100001Q"}}
{"logTime": "0904/045247", "correlationVector":"4Dp7skFM/d9W3ZqDcj0dg8.2","action":"Commit Response", "result":"Success", "context":Result: Success. cV=4Dp7skFM/d9W3ZqDcj0dg8.0;server=GENERAL0100001Q;cloudType=Consumer;environment=Prod_EastUS2_000e;migrationStage=NotStarted}
{"logTime": "0904/045247", "correlationVector":"","action":"DIAGNOSTIC_REQUEST|v1/diagnosticData/Diagnostic.SendCheckResult()|SUCCESS", "result":""}
{"logTime": "0904/045317", "correlationVector":"cGIZLAd9Xw2CfXaKp9Cgba","action":"Normal GetUpdate request", "result":"", "context":cV=cGIZLAd9Xw2CfXaKp9Cgba
Nudged types: Sessions}
{"logTime": "0904/045317", "correlationVector":"cGIZLAd9Xw2CfXaKp9Cgba.1","action":"SyncServerConnectionManagerRequest", "result":"SYNC_SERVER_OK", "context":{"environment":"Prod_EastUS2_000e", "migrationStage":"NotStarted", "server":"GENERAL0100002P"}}
{"logTime": "0904/045317", "correlationVector":"cGIZLAd9Xw2CfXaKp9Cgba.2","action":"GetUpdates Response", "result":"Success", "context":Received 3 update(s). cV=cGIZLAd9Xw2CfXaKp9Cgba.0;server=GENERAL0100002P;cloudType=Consumer;environment=Prod_EastUS2_000e;migrationStage=NotStarted}
{"logTime": "0904/045317", "correlationVector":"ubLULuFiv784pUoyJ1UVyt","action":"Commit Request", "result":"", "context":Item count: 2
Contributing types: Sessions}
{"logTime": "0904/045317", "correlationVector":"ubLULuFiv784pUoyJ1UVyt.1","action":"SyncServerConnectionManagerRequest", "result":"SYNC_SERVER_OK", "context":{"environment":"Prod_EastUS2_000e", "migrationStage":"NotStarted", "server":"GENERAL0100002C"}}
{"logTime": "0904/045317", "correlationVector":"ubLULuFiv784pUoyJ1UVyt.3","action":"Commit.Sessions", "result":"Success", "context":{"id":"e27f6418-1744-4eb6-ad74-3b234d530842", "isDeleted":"true", "size":"0", "version":"1725425566730"}}
{"logTime": "0904/045317", "correlationVector":"ubLULuFiv784pUoyJ1UVyt.2","action":"Commit Response", "result":"Success", "context":Result: Success. cV=ubLULuFiv784pUoyJ1UVyt.0;server=GENERAL0100002C;cloudType=Consumer;environment=Prod_EastUS2_000e;migrationStage=NotStarted}
{"logTime": "0904/045734", "correlationVector":"AJm/VRTSMDYKsxt2FwYoum.1","action":"SyncServerConnectionManagerRequest", "result":"SYNC_SERVER_OK", "context":{"environment":"Prod_EastUS2_000e", "migrationStage":"NotStarted", "server":"GENERAL01000025"}}
{"logTime": "0904/045735", "correlationVector":"MgrSbT7tRG5X8E00YWf+dr","action":"SyncServerConnectionManagerRequest", "result":"SYNC_SERVER_OK", "context":{"environment":"", "migrationStage":"", "server":""}}
{"logTime": "0904/045735", "correlationVector":"AJm/VRTSMDYKsxt2FwYoum","action":"Initial GetUpdates", "result":"", "context":Reason: NEW_CLIENT. cV=AJm/VRTSMDYKsxt2FwYoum}
{"logTime": "0904/045735", "correlationVector":"AJm/VRTSMDYKsxt2FwYoum.2","action":"GetUpdates Response", "result":"Success", "context":Received 1 update(s). cV=AJm/VRTSMDYKsxt2FwYoum.0;server=GENERAL01000025;cloudType=Consumer;environment=Prod_EastUS2_000e;migrationStage=NotStarted}
{"logTime": "0904/045735", "correlationVector":"/an8o1vqlF6mlAov93CeSH","action":"Initial GetUpdates", "result":"", "context":Reason: NEWLY_SUPPORTED_DATATYPE. cV=/an8o1vqlF6mlAov93CeSH}
{"logTime": "0904/045735", "correlationVector":"/an8o1vqlF6mlAov93CeSH.1","action":"SyncServerConnectionManagerRequest", "result":"SYNC_SERVER_OK", "context":{"environment":"Prod_EastUS2_000e", "migrationStage":"NotStarted", "server":"GENERAL0100002V"}}
{"logTime": "0904/045735", "correlationVector":"/an8o1vqlF6mlAov93CeSH.2","action":"GetUpdates", "result":"DeleteReceived", "context":{"id":"c512855f-d4be-42c8-b847-bf84ebf95bbb", "isDeleted:":"true", "version":"1703041328916"}}
{"logTime": "0904/045735", "correlationVector":"/an8o1vqlF6mlAov93CeSH.3","action":"GetUpdates", "result":"DeleteReceived", "context":{"id":"3bedc949-3ba2-45e7-9d06-7ca38b5a91df", "isDeleted:":"true", "version":"1703041328917"}}
{"logTime": "0904/045735", "correlationVector":"/an8o1vqlF6mlAov93CeSH.4","action":"GetUpdates Response", "result":"Success", "context":Received 17 update(s). cV=/an8o1vqlF6mlAov93CeSH.0;server=GENERAL0100002V;cloudType=Consumer;environment=Prod_EastUS2_000e;migrationStage=NotStarted}
{"logTime": "0904/045735", "correlationVector":"mpuAyDUqt8Rlx9R/uLESe7","action":"Normal GetUpdate request", "result":"", "context":cV=mpuAyDUqt8Rlx9R/uLESe7
Nudged types: Sessions
Refresh requested types: Bookmarks, Preferences, Passwords, Autofill Profiles, Autofill, Typed URLs, Extensions, Sessions, Extension settings, History Delete Directives, Device Info, User Consents, Send Tab To Self, Web Apps, Collection, Edge E Drop, Edge Hub App Usage, Edge Tab Group, Edge Wallet, Encryption Keys}
{"logTime": "0904/045735", "correlationVector":"mpuAyDUqt8Rlx9R/uLESe7.1","action":"SyncServerConnectionManagerRequest", "result":"SYNC_SERVER_OK", "context":{"environment":"Prod_EastUS2_000e", "migrationStage":"NotStarted", "server":"GENERAL01000008"}}
{"logTime": "0904/045735", "correlationVector":"mpuAyDUqt8Rlx9R/uLESe7.2","action":"GetUpdates", "result":"DeleteReceived", "context":{"id":"e27f6418-1744-4eb6-ad74-3b234d530842", "isDeleted:":"true", "version":"1725425597076"}}
{"logTime": "0904/045735", "correlationVector":"mpuAyDUqt8Rlx9R/uLESe7.3","action":"GetUpdates Response", "result":"Success", "context":Received 2 update(s). cV=mpuAyDUqt8Rlx9R/uLESe7.0;server=GENERAL01000008;cloudType=Consumer;environment=Prod_EastUS2_000e;migrationStage=NotStarted}
{"logTime": "0904/045735", "correlationVector":"MTpPwlgHCfhgBcgBmfLAPq","action":"DoCompareDataConsistency requsted types: ", "result":"Bookmarks, Preferences, Passwords, Typed URLs, Extensions, Extension settings, History Delete Directives, Send Tab To Self, Web Apps, Collection, Edge E Drop, Edge Tab Group, Edge Wallet, Encryption Keys"}
{"logTime": "0904/045735", "correlationVector":"MTpPwlgHCfhgBcgBmfLAPq.0","action":"CompareDataConsistency result: ", "result":"Compare result: Encryption Keys is consistent. local entities count is: 1 local entities hash is: zT1FXOlgM17q8LWrvS33nFCWcWg="}
{"logTime": "0904/045735", "correlationVector":"MTpPwlgHCfhgBcgBmfLAPq.1","action":"CompareDataConsistency result: ", "result":"Compare result: Bookmarks is consistent. local entities count is: 6 local entities hash is: 0N06IydobWxThjDbQsYi6PpHa0s="}
{"logTime": "0904/045735", "correlationVector":"MTpPwlgHCfhgBcgBmfLAPq.2","action":"CompareDataConsistency result: ", "result":"Compare result: Preferences is consistent. local entities count is: 63 local entities hash is: G7DkiDFi6aeL4quu+l+ubD2J+pw="}
{"logTime": "0904/045735", "correlationVector":"MTpPwlgHCfhgBcgBmfLAPq.3","action":"CompareDataConsistency result: ", "result":"Server did not send this Typed URLs local entities count is: 0 local entities hash is: "}
{"logTime": "0904/045735", "correlationVector":"MTpPwlgHCfhgBcgBmfLAPq.4","action":"CompareDataConsistency result: ", "result":"Compare result: Extensions is consistent. local entities count is: 0 local entities hash is: "}
{"logTime": "0904/045735", "correlationVector":"MTpPwlgHCfhgBcgBmfLAPq.5","action":"CompareDataConsistency result: ", "result":"Compare result: Extension settings is consistent. local entities count is: 0 local entities hash is: "}
{"logTime": "0904/045735", "correlationVector":"MTpPwlgHCfhgBcgBmfLAPq.6","action":"CompareDataConsistency result: ", "result":"Compare result: History Delete Directives is consistent. local entities count is: 0 local entities hash is: "}
{"logTime": "0904/045735", "correlationVector":"MTpPwlgHCfhgBcgBmfLAPq.7","action":"CompareDataConsistency result: ", "result":"Server did not send this Send Tab To Self local entities count is: 0 local entities hash is: "}
{"logTime": "0904/045735", "correlationVector":"MTpPwlgHCfhgBcgBmfLAPq.8","action":"CompareDataConsistency result: ", "result":"Compare result: Web Apps is consistent. local entities count is: 0 local entities hash is: "}
{"logTime": "0904/045735", "correlationVector":"MTpPwlgHCfhgBcgBmfLAPq.9","action":"CompareDataConsistency result: ", "result":"Compare result: Collection is consistent. local entities count is: 0 local entities hash is: "}
{"logTime": "0904/045735", "correlationVector":"MTpPwlgHCfhgBcgBmfLAPq.10","action":"CompareDataConsistency result: ", "result":"Compare result: Edge E Drop is consistent. local entities count is: 0 local entities hash is: "}
{"logTime": "0904/045735", "correlationVector":"MTpPwlgHCfhgBcgBmfLAPq.11","action":"CompareDataConsistency result: ", "result":"Compare result: Edge Tab Group is consistent. local entities count is: 0 local entities hash is: "}
{"logTime": "0904/045735", "correlationVector":"MTpPwlgHCfhgBcgBmfLAPq.12","action":"CompareDataConsistency result: ", "result":"Compare result: Edge Wallet is consistent. local entities count is: 0 local entities hash is: "}
{"logTime": "0904/045735", "correlationVector":"MTpPwlgHCfhgBcgBmfLAPq.13","action":"CompareDataConsistency result: ", "result":"Compare result: Passwords is consistent. local entities count is: 15 local entities hash is: GGwDFanRR9V2lygoegqXWwM3Kqs="}
{"logTime": "0904/045735", "correlationVector":"o1uFzpflbRXUH0sHSOZ1Bd","action":"Commit Request", "result":"", "context":Item count: 3
Contributing types: Sessions}
{"logTime": "0904/045736", "correlationVector":"o1uFzpflbRXUH0sHSOZ1Bd.1","action":"SyncServerConnectionManagerRequest", "result":"SYNC_SERVER_OK", "context":{"environment":"Prod_EastUS2_000e", "migrationStage":"NotStarted", "server":"GENERAL01000024"}}
{"logTime": "0904/045736", "correlationVector":"o1uFzpflbRXUH0sHSOZ1Bd.2","action":"Commit Response", "result":"Success", "context":Result: Success. cV=o1uFzpflbRXUH0sHSOZ1Bd.0;server=GENERAL01000024;cloudType=Consumer;environment=Prod_EastUS2_000e;migrationStage=NotStarted}
{"logTime": "0904/045736", "correlationVector":"o1uFzpflbRXUH0sHSOZ1Bd.3","action":"Commit.Sessions", "result":"Success", "context":{"id":"38d32c31-45c8-4846-b883-89647a17dc03", "isDeleted":"true", "size":"0", "version":"1725425597077"}}
{"logTime": "0904/045736", "correlationVector":"","action":"DIAGNOSTIC_REQUEST|v1/diagnosticData/Diagnostic.SendCheckResult()|SUCCESS", "result":""}
{"logTime": "0904/045806", "correlationVector":"LUOfEF/UWE/up9qmk/HdXd","action":"Normal GetUpdate request", "result":"", "context":cV=LUOfEF/UWE/up9qmk/HdXd
Nudged types: Sessions}
{"logTime": "0904/045806", "correlationVector":"LUOfEF/UWE/up9qmk/HdXd.1","action":"SyncServerConnectionManagerRequest", "result":"SYNC_SERVER_OK", "context":{"environment":"Prod_EastUS2_000e", "migrationStage":"NotStarted", "server":"GENERAL0100001H"}}
{"logTime": "0904/045806", "correlationVector":"LUOfEF/UWE/up9qmk/HdXd.2","action":"GetUpdates", "result":"DeleteReceived", "context":{"id":"38d32c31-45c8-4846-b883-89647a17dc03", "isDeleted:":"true", "version":"1725425855559"}}
{"logTime": "0904/045806", "correlationVector":"LUOfEF/UWE/up9qmk/HdXd.3","action":"GetUpdates Response", "result":"Success", "context":Received 3 update(s). cV=LUOfEF/UWE/up9qmk/HdXd.0;server=GENERAL0100001H;cloudType=Consumer;environment=Prod_EastUS2_000e;migrationStage=NotStarted}
{"logTime": "0904/045806", "correlationVector":"9S0HW/dkEGxFosFBOvtNqH","action":"Commit Request", "result":"", "context":Item count: 1
Contributing types: Sessions}
{"logTime": "0904/045806", "correlationVector":"9S0HW/dkEGxFosFBOvtNqH.1","action":"SyncServerConnectionManagerRequest", "result":"SYNC_SERVER_OK", "context":{"environment":"Prod_EastUS2_000e", "migrationStage":"NotStarted", "server":"GENERAL0100000S"}}
{"logTime": "0904/045806", "correlationVector":"9S0HW/dkEGxFosFBOvtNqH.2","action":"Commit Response", "result":"Success", "context":Result: Success. cV=9S0HW/dkEGxFosFBOvtNqH.0;server=GENERAL0100000S;cloudType=Consumer;environment=Prod_EastUS2_000e;migrationStage=NotStarted}
{"logTime": "0904/211913", "correlationVector":"bHqTzz8fOqia/tetjBlok5.1","action":"SyncServerConnectionManagerRequest", "result":"SYNC_SERVER_OK", "context":{"environment":"Prod_EastUS2_000e", "migrationStage":"NotStarted", "server":"GENERAL0100002O"}}
{"logTime": "0904/211914", "correlationVector":"MtsGC1MLz9EZMzZeJZvVeb","action":"SyncServerConnectionManagerRequest", "result":"SYNC_SERVER_OK", "context":{"environment":"", "migrationStage":"", "server":""}}
{"logTime": "0904/211914", "correlationVector":"bHqTzz8fOqia/tetjBlok5","action":"Initial GetUpdates", "result":"", "context":Reason: NEW_CLIENT. cV=bHqTzz8fOqia/tetjBlok5}
{"logTime": "0904/211914", "correlationVector":"bHqTzz8fOqia/tetjBlok5.2","action":"GetUpdates Response", "result":"Success", "context":Received 1 update(s). cV=bHqTzz8fOqia/tetjBlok5.0;server=GENERAL0100002O;cloudType=Consumer;environment=Prod_EastUS2_000e;migrationStage=NotStarted}
{"logTime": "0904/211914", "correlationVector":"QZ1yoznfGPI9nBk8OFLDJ4","action":"Initial GetUpdates", "result":"", "context":Reason: NEWLY_SUPPORTED_DATATYPE. cV=QZ1yoznfGPI9nBk8OFLDJ4}
{"logTime": "0904/211914", "correlationVector":"QZ1yoznfGPI9nBk8OFLDJ4.1","action":"SyncServerConnectionManagerRequest", "result":"SYNC_SERVER_OK", "context":{"environment":"Prod_EastUS2_000e", "migrationStage":"NotStarted", "server":"GENERAL01000001"}}
{"logTime": "0904/211914", "correlationVector":"QZ1yoznfGPI9nBk8OFLDJ4.2","action":"GetUpdates", "result":"DeleteReceived", "context":{"id":"c512855f-d4be-42c8-b847-bf84ebf95bbb", "isDeleted:":"true", "version":"1703041328916"}}
{"logTime": "0904/211914", "correlationVector":"QZ1yoznfGPI9nBk8OFLDJ4.3","action":"GetUpdates", "result":"DeleteReceived", "context":{"id":"3bedc949-3ba2-45e7-9d06-7ca38b5a91df", "isDeleted:":"true", "version":"1703041328917"}}
{"logTime": "0904/211914", "correlationVector":"QZ1yoznfGPI9nBk8OFLDJ4.4","action":"GetUpdates Response", "result":"Success", "context":Received 17 update(s). cV=QZ1yoznfGPI9nBk8OFLDJ4.0;server=GENERAL01000001;cloudType=Consumer;environment=Prod_EastUS2_000e;migrationStage=NotStarted}
{"logTime": "0904/211914", "correlationVector":"HsXbjiyuhOQI02sG9J3Ba3","action":"Normal GetUpdate request", "result":"", "context":cV=HsXbjiyuhOQI02sG9J3Ba3
Nudged types: Sessions
Refresh requested types: Bookmarks, Preferences, Passwords, Autofill Profiles, Autofill, Typed URLs, Extensions, Sessions, Extension settings, History Delete Directives, Device Info, User Consents, Send Tab To Self, Web Apps, Collection, Edge E Drop, Edge Hub App Usage, Edge Tab Group, Edge Wallet, Encryption Keys}
{"logTime": "0904/211915", "correlationVector":"HsXbjiyuhOQI02sG9J3Ba3.1","action":"SyncServerConnectionManagerRequest", "result":"SYNC_SERVER_OK", "context":{"environment":"Prod_EastUS2_000e", "migrationStage":"NotStarted", "server":"GENERAL01000029"}}
{"logTime": "0904/211915", "correlationVector":"HsXbjiyuhOQI02sG9J3Ba3.2","action":"GetUpdates Response", "result":"Success", "context":Received 1 update(s). cV=HsXbjiyuhOQI02sG9J3Ba3.0;server=GENERAL01000029;cloudType=Consumer;environment=Prod_EastUS2_000e;migrationStage=NotStarted}
{"logTime": "0904/211915", "correlationVector":"GV6wrNu/FFi+uZOSdDIluU","action":"DoCompareDataConsistency requsted types: ", "result":"Bookmarks, Preferences, Passwords, Typed URLs, Extensions, Extension settings, History Delete Directives, Send Tab To Self, Web Apps, Collection, Edge E Drop, Edge Tab Group, Edge Wallet, Encryption Keys"}
{"logTime": "0904/211915", "correlationVector":"GV6wrNu/FFi+uZOSdDIluU.0","action":"CompareDataConsistency result: ", "result":"Compare result: Encryption Keys is consistent. local entities count is: 1 local entities hash is: zT1FXOlgM17q8LWrvS33nFCWcWg="}
{"logTime": "0904/211915", "correlationVector":"GV6wrNu/FFi+uZOSdDIluU.1","action":"CompareDataConsistency result: ", "result":"Compare result: Bookmarks is consistent. local entities count is: 6 local entities hash is: 0N06IydobWxThjDbQsYi6PpHa0s="}
{"logTime": "0904/211915", "correlationVector":"GV6wrNu/FFi+uZOSdDIluU.2","action":"CompareDataConsistency result: ", "result":"Compare result: Preferences is consistent. local entities count is: 63 local entities hash is: G7DkiDFi6aeL4quu+l+ubD2J+pw="}
{"logTime": "0904/211915", "correlationVector":"GV6wrNu/FFi+uZOSdDIluU.3","action":"CompareDataConsistency result: ", "result":"Server did not send this Typed URLs local entities count is: 0 local entities hash is: "}
{"logTime": "0904/211915", "correlationVector":"GV6wrNu/FFi+uZOSdDIluU.4","action":"CompareDataConsistency result: ", "result":"Compare result: Extensions is consistent. local entities count is: 0 local entities hash is: "}
{"logTime": "0904/211915", "correlationVector":"GV6wrNu/FFi+uZOSdDIluU.5","action":"CompareDataConsistency result: ", "result":"Compare result: Extension settings is consistent. local entities count is: 0 local entities hash is: "}
{"logTime": "0904/211915", "correlationVector":"GV6wrNu/FFi+uZOSdDIluU.6","action":"CompareDataConsistency result: ", "result":"Compare result: History Delete Directives is consistent. local entities count is: 0 local entities hash is: "}
{"logTime": "0904/211915", "correlationVector":"GV6wrNu/FFi+uZOSdDIluU.7","action":"CompareDataConsistency result: ", "result":"Server did not send this Send Tab To Self local entities count is: 0 local entities hash is: "}
{"logTime": "0904/211915", "correlationVector":"GV6wrNu/FFi+uZOSdDIluU.8","action":"CompareDataConsistency result: ", "result":"Compare result: Web Apps is consistent. local entities count is: 0 local entities hash is: "}
{"logTime": "0904/211915", "correlationVector":"GV6wrNu/FFi+uZOSdDIluU.9","action":"CompareDataConsistency result: ", "result":"Compare result: Collection is consistent. local entities count is: 0 local entities hash is: "}
{"logTime": "0904/211915", "correlationVector":"GV6wrNu/FFi+uZOSdDIluU.10","action":"CompareDataConsistency result: ", "result":"Compare result: Edge E Drop is consistent. local entities count is: 0 local entities hash is: "}
{"logTime": "0904/211915", "correlationVector":"GV6wrNu/FFi+uZOSdDIluU.11","action":"CompareDataConsistency result: ", "result":"Compare result: Edge Tab Group is consistent. local entities count is: 0 local entities hash is: "}
{"logTime": "0904/211915", "correlationVector":"GV6wrNu/FFi+uZOSdDIluU.12","action":"CompareDataConsistency result: ", "result":"Compare result: Edge Wallet is consistent. local entities count is: 0 local entities hash is: "}
{"logTime": "0904/211915", "correlationVector":"GV6wrNu/FFi+uZOSdDIluU.13","action":"CompareDataConsistency result: ", "result":"Compare result: Passwords is consistent. local entities count is: 15 local entities hash is: GGwDFanRR9V2lygoegqXWwM3Kqs="}
{"logTime": "0904/211915", "correlationVector":"Z6uEc315b7Y6zU4/auIChQ","action":"Commit Request", "result":"", "context":Item count: 3
Contributing types: Sessions}
{"logTime": "0904/211915", "correlationVector":"Z6uEc315b7Y6zU4/auIChQ.1","action":"SyncServerConnectionManagerRequest", "result":"SYNC_SERVER_OK", "context":{"environment":"Prod_EastUS2_000e", "migrationStage":"NotStarted", "server":"GENERAL0100001L"}}
{"logTime": "0904/211915", "correlationVector":"Z6uEc315b7Y6zU4/auIChQ.3","action":"Commit.Sessions", "result":"Success", "context":{"id":"adad07e0-d8da-4da3-8245-62dd8cd04151", "isDeleted":"true", "size":"0", "version":"1725425886318"}}
{"logTime": "0904/211915", "correlationVector":"Z6uEc315b7Y6zU4/auIChQ.2","action":"Commit Response", "result":"Success", "context":Result: Success. cV=Z6uEc315b7Y6zU4/auIChQ.0;server=GENERAL0100001L;cloudType=Consumer;environment=Prod_EastUS2_000e;migrationStage=NotStarted}
{"logTime": "0904/211915", "correlationVector":"","action":"DIAGNOSTIC_REQUEST|v1/diagnosticData/Diagnostic.SendCheckResult()|SUCCESS", "result":""}
{"logTime": "0904/211915", "correlationVector":"Wj8WmGf1C74yZakOQQlU+n","action":"Normal GetUpdate request", "result":"", "context":cV=Wj8WmGf1C74yZakOQQlU+n
Nudged types: Sessions}
{"logTime": "0904/211915", "correlationVector":"Wj8WmGf1C74yZakOQQlU+n.1","action":"SyncServerConnectionManagerRequest", "result":"SYNC_SERVER_OK", "context":{"environment":"Prod_EastUS2_000e", "migrationStage":"NotStarted", "server":"GENERAL01000010"}}
{"logTime": "0904/211915", "correlationVector":"Wj8WmGf1C74yZakOQQlU+n.2","action":"GetUpdates", "result":"DeleteReceived", "context":{"id":"adad07e0-d8da-4da3-8245-62dd8cd04151", "isDeleted:":"true", "version":"1725484755026"}}
{"logTime": "0904/211915", "correlationVector":"Wj8WmGf1C74yZakOQQlU+n.3","action":"GetUpdates Response", "result":"Success", "context":Received 3 update(s). cV=Wj8WmGf1C74yZakOQQlU+n.0;server=GENERAL01000010;cloudType=Consumer;environment=Prod_EastUS2_000e;migrationStage=NotStarted}
{"logTime": "0904/211915", "correlationVector":"XYAjqlgLCjvVNF5yIH3/rr","action":"Poll GetUpdate request", "result":"", "context":cV=XYAjqlgLCjvVNF5yIH3/rr}
{"logTime": "0904/211915", "correlationVector":"XYAjqlgLCjvVNF5yIH3/rr.1","action":"SyncServerConnectionManagerRequest", "result":"SYNC_SERVER_OK", "context":{"environment":"Prod_EastUS2_000e", "migrationStage":"NotStarted", "server":"GENERAL0100002U"}}
{"logTime": "0904/211915", "correlationVector":"XYAjqlgLCjvVNF5yIH3/rr.2","action":"GetUpdates Response", "result":"Success", "context":Received 0 update(s). cV=XYAjqlgLCjvVNF5yIH3/rr.0;server=GENERAL0100002U;cloudType=Consumer;environment=Prod_EastUS2_000e;migrationStage=NotStarted}
{"logTime": "0904/211915", "correlationVector":"6swZcdVTHcjLXMKUxfmjxD","action":"DoCompareDataConsistency requsted types: ", "result":"Bookmarks, Preferences, Passwords, Typed URLs, Extensions, Extension settings, History Delete Directives, Send Tab To Self, Web Apps, Collection, Edge E Drop, Edge Tab Group, Edge Wallet, Encryption Keys"}
{"logTime": "0904/211915", "correlationVector":"6swZcdVTHcjLXMKUxfmjxD.0","action":"CompareDataConsistency result: ", "result":"Compare result: Encryption Keys is consistent. local entities count is: 1 local entities hash is: zT1FXOlgM17q8LWrvS33nFCWcWg="}
{"logTime": "0904/211915", "correlationVector":"6swZcdVTHcjLXMKUxfmjxD.1","action":"CompareDataConsistency result: ", "result":"Compare result: Bookmarks is consistent. local entities count is: 6 local entities hash is: 0N06IydobWxThjDbQsYi6PpHa0s="}
{"logTime": "0904/211915", "correlationVector":"6swZcdVTHcjLXMKUxfmjxD.2","action":"CompareDataConsistency result: ", "result":"Compare result: Preferences is consistent. local entities count is: 63 local entities hash is: G7DkiDFi6aeL4quu+l+ubD2J+pw="}
{"logTime": "0904/211915", "correlationVector":"6swZcdVTHcjLXMKUxfmjxD.3","action":"CompareDataConsistency result: ", "result":"Server did not send this Typed URLs local entities count is: 0 local entities hash is: "}
{"logTime": "0904/211915", "correlationVector":"6swZcdVTHcjLXMKUxfmjxD.4","action":"CompareDataConsistency result: ", "result":"Compare result: Extensions is consistent. local entities count is: 0 local entities hash is: "}
{"logTime": "0904/211915", "correlationVector":"6swZcdVTHcjLXMKUxfmjxD.5","action":"CompareDataConsistency result: ", "result":"Compare result: Extension settings is consistent. local entities count is: 0 local entities hash is: "}
{"logTime": "0904/211915", "correlationVector":"6swZcdVTHcjLXMKUxfmjxD.6","action":"CompareDataConsistency result: ", "result":"Compare result: History Delete Directives is consistent. local entities count is: 0 local entities hash is: "}
{"logTime": "0904/211915", "correlationVector":"6swZcdVTHcjLXMKUxfmjxD.7","action":"CompareDataConsistency result: ", "result":"Server did not send this Send Tab To Self local entities count is: 0 local entities hash is: "}
{"logTime": "0904/211915", "correlationVector":"6swZcdVTHcjLXMKUxfmjxD.8","action":"CompareDataConsistency result: ", "result":"Compare result: Web Apps is consistent. local entities count is: 0 local entities hash is: "}
{"logTime": "0904/211915", "correlationVector":"6swZcdVTHcjLXMKUxfmjxD.9","action":"CompareDataConsistency result: ", "result":"Compare result: Collection is consistent. local entities count is: 0 local entities hash is: "}
{"logTime": "0904/211915", "correlationVector":"6swZcdVTHcjLXMKUxfmjxD.10","action":"CompareDataConsistency result: ", "result":"Compare result: Edge E Drop is consistent. local entities count is: 0 local entities hash is: "}
{"logTime": "0904/211915", "correlationVector":"6swZcdVTHcjLXMKUxfmjxD.11","action":"CompareDataConsistency result: ", "result":"Compare result: Edge Tab Group is consistent. local entities count is: 0 local entities hash is: "}
{"logTime": "0904/211915", "correlationVector":"6swZcdVTHcjLXMKUxfmjxD.12","action":"CompareDataConsistency result: ", "result":"Compare result: Edge Wallet is consistent. local entities count is: 0 local entities hash is: "}
{"logTime": "0904/211915", "correlationVector":"6swZcdVTHcjLXMKUxfmjxD.13","action":"CompareDataConsistency result: ", "result":"Compare result: Passwords is consistent. local entities count is: 15 local entities hash is: GGwDFanRR9V2lygoegqXWwM3Kqs="}
{"logTime": "0904/211915", "correlationVector":"","action":"DIAGNOSTIC_REQUEST|v1/diagnosticData/Diagnostic.SendCheckResult()|SUCCESS", "result":""}
{"logTime": "0904/211945", "correlationVector":"7UpR/P1xSkvvaZMTO6MQiu","action":"Commit Request", "result":"", "context":Item count: 1
Contributing types: Sessions}
{"logTime": "0904/211945", "correlationVector":"7UpR/P1xSkvvaZMTO6MQiu.1","action":"SyncServerConnectionManagerRequest", "result":"SYNC_SERVER_OK", "context":{"environment":"Prod_EastUS2_000e", "migrationStage":"NotStarted", "server":"GENERAL0100002F"}}
{"logTime": "0904/211945", "correlationVector":"7UpR/P1xSkvvaZMTO6MQiu.2","action":"Commit Response", "result":"Success", "context":Result: Success. cV=7UpR/P1xSkvvaZMTO6MQiu.0;server=GENERAL0100002F;cloudType=Consumer;environment=Prod_EastUS2_000e;migrationStage=NotStarted}
{"logTime": "0913/230917", "correlationVector":"wblso58k4yiOrnv2UxyXyX.1","action":"SyncServerConnectionManagerRequest", "result":"SYNC_SERVER_OK", "context":{"environment":"Prod_EastUS2_000e", "migrationStage":"NotStarted", "server":"GENERAL0100001S"}}
{"logTime": "0913/230918", "correlationVector":"nlo0498rvu6KcmAcKEiBe4","action":"SyncServerConnectionManagerRequest", "result":"SYNC_SERVER_OK", "context":{"environment":"", "migrationStage":"", "server":""}}
{"logTime": "0913/230918", "correlationVector":"wblso58k4yiOrnv2UxyXyX","action":"Initial GetUpdates", "result":"", "context":Reason: NEW_CLIENT. cV=wblso58k4yiOrnv2UxyXyX}
{"logTime": "0913/230918", "correlationVector":"wblso58k4yiOrnv2UxyXyX.2","action":"GetUpdates Response", "result":"Success", "context":Received 1 update(s). cV=wblso58k4yiOrnv2UxyXyX.0;server=GENERAL0100001S;cloudType=Consumer;environment=Prod_EastUS2_000e;migrationStage=NotStarted}
{"logTime": "0913/230918", "correlationVector":"uJe070p4Y/Ff1KNKC4dbth","action":"Initial GetUpdates", "result":"", "context":Reason: NEWLY_SUPPORTED_DATATYPE. cV=uJe070p4Y/Ff1KNKC4dbth}
{"logTime": "0913/230918", "correlationVector":"uJe070p4Y/Ff1KNKC4dbth.1","action":"SyncServerConnectionManagerRequest", "result":"SYNC_SERVER_OK", "context":{"environment":"Prod_EastUS2_000e", "migrationStage":"NotStarted", "server":"GENERAL0100001E"}}
{"logTime": "0913/230918", "correlationVector":"uJe070p4Y/Ff1KNKC4dbth.2","action":"GetUpdates", "result":"DeleteReceived", "context":{"id":"c512855f-d4be-42c8-b847-bf84ebf95bbb", "isDeleted:":"true", "version":"1703041328916"}}
{"logTime": "0913/230918", "correlationVector":"uJe070p4Y/Ff1KNKC4dbth.3","action":"GetUpdates", "result":"DeleteReceived", "context":{"id":"3bedc949-3ba2-45e7-9d06-7ca38b5a91df", "isDeleted:":"true", "version":"1703041328917"}}
{"logTime": "0913/230918", "correlationVector":"uJe070p4Y/Ff1KNKC4dbth.4","action":"GetUpdates Response", "result":"Success", "context":Received 17 update(s). cV=uJe070p4Y/Ff1KNKC4dbth.0;server=GENERAL0100001E;cloudType=Consumer;environment=Prod_EastUS2_000e;migrationStage=NotStarted}
{"logTime": "0913/230918", "correlationVector":"q88ra1RmnIyLZ7tjX4qneb","action":"Normal GetUpdate request", "result":"", "context":cV=q88ra1RmnIyLZ7tjX4qneb
Nudged types: Sessions, Device Info, Encryption Keys
Refresh requested types: Bookmarks, Preferences, Passwords, Autofill Profiles, Autofill, Typed URLs, Extensions, Sessions, Extension settings, History Delete Directives, Device Info, User Consents, Send Tab To Self, Web Apps, Collection, Edge E Drop, Edge Hub App Usage, Edge Tab Group, Edge Wallet, Encryption Keys}
{"logTime": "0913/230918", "correlationVector":"q88ra1RmnIyLZ7tjX4qneb.1","action":"SyncServerConnectionManagerRequest", "result":"SYNC_SERVER_OK", "context":{"environment":"Prod_EastUS2_000e", "migrationStage":"NotStarted", "server":"GENERAL0100002N"}}
{"logTime": "0913/230918", "correlationVector":"q88ra1RmnIyLZ7tjX4qneb.2","action":"GetUpdates", "result":"DeleteReceived", "context":{"id":"bfd4026f-8756-48ad-be73-b648b735ebc3", "isDeleted:":"true", "version":"1725665568347"}}
{"logTime": "0913/230918", "correlationVector":"q88ra1RmnIyLZ7tjX4qneb.3","action":"GetUpdates", "result":"DeleteReceived", "context":{"id":"c1306b38-44ae-42e4-9fe7-985cda9ff721", "isDeleted:":"true", "version":"1725667041518"}}
{"logTime": "0913/230918", "correlationVector":"q88ra1RmnIyLZ7tjX4qneb.4","action":"GetUpdates Response", "result":"Success", "context":Received 7 update(s). cV=q88ra1RmnIyLZ7tjX4qneb.0;server=GENERAL0100002N;cloudType=Consumer;environment=Prod_EastUS2_000e;migrationStage=NotStarted}
{"logTime": "0913/230918", "correlationVector":"TgLdrKAh65qfsrUIog3K2J","action":"Commit Request", "result":"", "context":Item count: 1
Contributing types: Encryption Keys}
{"logTime": "0913/230919", "correlationVector":"TgLdrKAh65qfsrUIog3K2J.1","action":"SyncServerConnectionManagerRequest", "result":"SYNC_SERVER_OK", "context":{"environment":"Prod_EastUS2_000e", "migrationStage":"NotStarted", "server":"GENERAL0100000F"}}
{"logTime": "0913/230919", "correlationVector":"TgLdrKAh65qfsrUIog3K2J.2","action":"Commit Response", "result":"Success", "context":Result: Success. cV=TgLdrKAh65qfsrUIog3K2J.0;server=GENERAL0100000F;cloudType=Consumer;environment=Prod_EastUS2_000e;migrationStage=NotStarted}
{"logTime": "0913/230919", "correlationVector":"wdqeDDhnM8g/WN/Kk6vdRs","action":"Commit Request", "result":"", "context":Item count: 40
Contributing types: Passwords, Autofill Profiles, Autofill, Sessions, Device Info}
{"logTime": "0913/230920", "correlationVector":"wdqeDDhnM8g/WN/Kk6vdRs.1","action":"SyncServerConnectionManagerRequest", "result":"SYNC_SERVER_OK", "context":{"environment":"Prod_EastUS2_000e", "migrationStage":"NotStarted", "server":"GENERAL01000027"}}
{"logTime": "0913/230920", "correlationVector":"wdqeDDhnM8g/WN/Kk6vdRs.2","action":"Commit Response", "result":"Success", "context":Result: Success. cV=wdqeDDhnM8g/WN/Kk6vdRs.0;server=GENERAL01000027;cloudType=Consumer;environment=Prod_EastUS2_000e;migrationStage=NotStarted}
{"logTime": "0913/230920", "correlationVector":"wdqeDDhnM8g/WN/Kk6vdRs.3","action":"Commit.Sessions", "result":"Success", "context":{"id":"e6029838-b58a-48f8-a148-cec681612ec1", "isDeleted":"true", "size":"0", "version":"1724627944702"}}
{"logTime": "0913/230920", "correlationVector":"wdqeDDhnM8g/WN/Kk6vdRs.4","action":"Commit.Sessions", "result":"Success", "context":{"id":"75748053-316a-4be0-a6ca-478956f0b3b7", "isDeleted":"true", "size":"0", "version":"1724627974978"}}
{"logTime": "0913/230920", "correlationVector":"wdqeDDhnM8g/WN/Kk6vdRs.5","action":"Commit.Sessions", "result":"Success", "context":{"id":"ba4a334d-4356-4d61-aa72-16e7c33dcc43", "isDeleted":"true", "size":"0", "version":"1724627924925"}}
{"logTime": "0913/230920", "correlationVector":"wdqeDDhnM8g/WN/Kk6vdRs.6","action":"Commit.Sessions", "result":"Success", "context":{"id":"51d83605-b096-4711-b5aa-0f851c89215e", "isDeleted":"true", "size":"0", "version":"1725486441415"}}
{"logTime": "0913/230920", "correlationVector":"SABP7MoZ9lOXwIQ9psgwAM","action":"Normal GetUpdate request", "result":"", "context":cV=SABP7MoZ9lOXwIQ9psgwAM
Nudged types: Passwords, Autofill Profiles, Autofill, Sessions, Device Info}
{"logTime": "0913/230921", "correlationVector":"SABP7MoZ9lOXwIQ9psgwAM.1","action":"SyncServerConnectionManagerRequest", "result":"SYNC_SERVER_OK", "context":{"environment":"Prod_EastUS2_000e", "migrationStage":"NotStarted", "server":"GENERAL0100002L"}}
{"logTime": "0913/230921", "correlationVector":"SABP7MoZ9lOXwIQ9psgwAM.2","action":"GetUpdates", "result":"DeleteReceived", "context":{"id":"e6029838-b58a-48f8-a148-cec681612ec1", "isDeleted:":"true", "version":"1726268958773"}}
{"logTime": "0913/230921", "correlationVector":"SABP7MoZ9lOXwIQ9psgwAM.3","action":"GetUpdates", "result":"DeleteReceived", "context":{"id":"75748053-316a-4be0-a6ca-478956f0b3b7", "isDeleted:":"true", "version":"1726268958774"}}
{"logTime": "0913/230921", "correlationVector":"SABP7MoZ9lOXwIQ9psgwAM.4","action":"GetUpdates", "result":"DeleteReceived", "context":{"id":"ba4a334d-4356-4d61-aa72-16e7c33dcc43", "isDeleted:":"true", "version":"1726268958775"}}
{"logTime": "0913/230921", "correlationVector":"SABP7MoZ9lOXwIQ9psgwAM.5","action":"GetUpdates", "result":"DeleteReceived", "context":{"id":"51d83605-b096-4711-b5aa-0f851c89215e", "isDeleted:":"true", "version":"1726268958777"}}
{"logTime": "0913/230921", "correlationVector":"SABP7MoZ9lOXwIQ9psgwAM.6","action":"GetUpdates Response", "result":"Success", "context":Received 41 update(s). cV=SABP7MoZ9lOXwIQ9psgwAM.0;server=GENERAL0100002L;cloudType=Consumer;environment=Prod_EastUS2_000e;migrationStage=NotStarted}
{"logTime": "0913/230921", "correlationVector":"zhlZ8UdS4101WV358H7ksH","action":"DoCompareDataConsistency requsted types: ", "result":"Bookmarks, Preferences, Passwords, Typed URLs, Extensions, Extension settings, History Delete Directives, Send Tab To Self, Web Apps, Collection, Edge E Drop, Edge Tab Group, Edge Wallet, Encryption Keys"}
{"logTime": "0913/230921", "correlationVector":"zhlZ8UdS4101WV358H7ksH.0","action":"CompareDataConsistency result: ", "result":"Compare result: Encryption Keys is consistent. local entities count is: 1 local entities hash is: gD9PTUILPcDT7DkzChcsBraUpxQ="}
{"logTime": "0913/230921", "correlationVector":"zhlZ8UdS4101WV358H7ksH.1","action":"CompareDataConsistency result: ", "result":"Compare result: Bookmarks is consistent. local entities count is: 6 local entities hash is: 0N06IydobWxThjDbQsYi6PpHa0s="}
{"logTime": "0913/230921", "correlationVector":"zhlZ8UdS4101WV358H7ksH.2","action":"CompareDataConsistency result: ", "result":"Compare result: Preferences is consistent. local entities count is: 63 local entities hash is: G7DkiDFi6aeL4quu+l+ubD2J+pw="}
{"logTime": "0913/230921", "correlationVector":"zhlZ8UdS4101WV358H7ksH.3","action":"CompareDataConsistency result: ", "result":"Server did not send this Typed URLs local entities count is: 0 local entities hash is: "}
{"logTime": "0913/230921", "correlationVector":"zhlZ8UdS4101WV358H7ksH.4","action":"CompareDataConsistency result: ", "result":"Compare result: Extensions is consistent. local entities count is: 0 local entities hash is: "}
{"logTime": "0913/230921", "correlationVector":"zhlZ8UdS4101WV358H7ksH.5","action":"CompareDataConsistency result: ", "result":"Compare result: Extension settings is consistent. local entities count is: 0 local entities hash is: "}
{"logTime": "0913/230921", "correlationVector":"zhlZ8UdS4101WV358H7ksH.6","action":"CompareDataConsistency result: ", "result":"Compare result: History Delete Directives is consistent. local entities count is: 0 local entities hash is: "}
{"logTime": "0913/230921", "correlationVector":"zhlZ8UdS4101WV358H7ksH.7","action":"CompareDataConsistency result: ", "result":"Server did not send this Send Tab To Self local entities count is: 0 local entities hash is: "}
{"logTime": "0913/230921", "correlationVector":"zhlZ8UdS4101WV358H7ksH.8","action":"CompareDataConsistency result: ", "result":"Compare result: Web Apps is consistent. local entities count is: 0 local entities hash is: "}
{"logTime": "0913/230921", "correlationVector":"zhlZ8UdS4101WV358H7ksH.9","action":"CompareDataConsistency result: ", "result":"Compare result: Collection is consistent. local entities count is: 0 local entities hash is: "}
{"logTime": "0913/230921", "correlationVector":"zhlZ8UdS4101WV358H7ksH.10","action":"CompareDataConsistency result: ", "result":"Compare result: Edge E Drop is consistent. local entities count is: 0 local entities hash is: "}
{"logTime": "0913/230921", "correlationVector":"zhlZ8UdS4101WV358H7ksH.11","action":"CompareDataConsistency result: ", "result":"Compare result: Edge Tab Group is consistent. local entities count is: 0 local entities hash is: "}
{"logTime": "0913/230921", "correlationVector":"zhlZ8UdS4101WV358H7ksH.12","action":"CompareDataConsistency result: ", "result":"Compare result: Edge Wallet is consistent. local entities count is: 0 local entities hash is: "}
{"logTime": "0913/230921", "correlationVector":"zhlZ8UdS4101WV358H7ksH.13","action":"CompareDataConsistency result: ", "result":"Compare result: Passwords is consistent. local entities count is: 15 local entities hash is: 1NaXtea8XW6V7nceJGgn1Fygy3M="}
{"logTime": "0913/230921", "correlationVector":"o8E+/1d0lVRG7oIn5cs8+P","action":"Poll GetUpdate request", "result":"", "context":cV=o8E+/1d0lVRG7oIn5cs8+P}
{"logTime": "0913/230921", "correlationVector":"o8E+/1d0lVRG7oIn5cs8+P.1","action":"SyncServerConnectionManagerRequest", "result":"SYNC_SERVER_OK", "context":{"environment":"Prod_EastUS2_000e", "migrationStage":"NotStarted", "server":"GENERAL0100000G"}}
{"logTime": "0913/230921", "correlationVector":"o8E+/1d0lVRG7oIn5cs8+P.2","action":"GetUpdates Response", "result":"Success", "context":Received 0 update(s). cV=o8E+/1d0lVRG7oIn5cs8+P.0;server=GENERAL0100000G;cloudType=Consumer;environment=Prod_EastUS2_000e;migrationStage=NotStarted}
{"logTime": "0913/230921", "correlationVector":"0SLYjlQLgByKwkywharInA","action":"DoCompareDataConsistency requsted types: ", "result":"Bookmarks, Preferences, Passwords, Typed URLs, Extensions, Extension settings, History Delete Directives, Send Tab To Self, Web Apps, Collection, Edge E Drop, Edge Tab Group, Edge Wallet, Encryption Keys"}
{"logTime": "0913/230921", "correlationVector":"0SLYjlQLgByKwkywharInA.0","action":"CompareDataConsistency result: ", "result":"Compare result: Encryption Keys is consistent. local entities count is: 1 local entities hash is: gD9PTUILPcDT7DkzChcsBraUpxQ="}
{"logTime": "0913/230921", "correlationVector":"0SLYjlQLgByKwkywharInA.1","action":"CompareDataConsistency result: ", "result":"Compare result: Bookmarks is consistent. local entities count is: 6 local entities hash is: 0N06IydobWxThjDbQsYi6PpHa0s="}
{"logTime": "0913/230921", "correlationVector":"0SLYjlQLgByKwkywharInA.2","action":"CompareDataConsistency result: ", "result":"Compare result: Preferences is consistent. local entities count is: 63 local entities hash is: G7DkiDFi6aeL4quu+l+ubD2J+pw="}
{"logTime": "0913/230921", "correlationVector":"0SLYjlQLgByKwkywharInA.3","action":"CompareDataConsistency result: ", "result":"Server did not send this Typed URLs local entities count is: 0 local entities hash is: "}
{"logTime": "0913/230921", "correlationVector":"0SLYjlQLgByKwkywharInA.4","action":"CompareDataConsistency result: ", "result":"Compare result: Extensions is consistent. local entities count is: 0 local entities hash is: "}
{"logTime": "0913/230921", "correlationVector":"0SLYjlQLgByKwkywharInA.5","action":"CompareDataConsistency result: ", "result":"Compare result: Extension settings is consistent. local entities count is: 0 local entities hash is: "}
{"logTime": "0913/230921", "correlationVector":"0SLYjlQLgByKwkywharInA.6","action":"CompareDataConsistency result: ", "result":"Compare result: History Delete Directives is consistent. local entities count is: 0 local entities hash is: "}
{"logTime": "0913/230921", "correlationVector":"0SLYjlQLgByKwkywharInA.7","action":"CompareDataConsistency result: ", "result":"Server did not send this Send Tab To Self local entities count is: 0 local entities hash is: "}
{"logTime": "0913/230921", "correlationVector":"0SLYjlQLgByKwkywharInA.8","action":"CompareDataConsistency result: ", "result":"Compare result: Web Apps is consistent. local entities count is: 0 local entities hash is: "}
{"logTime": "0913/230921", "correlationVector":"0SLYjlQLgByKwkywharInA.9","action":"CompareDataConsistency result: ", "result":"Compare result: Collection is consistent. local entities count is: 0 local entities hash is: "}
{"logTime": "0913/230921", "correlationVector":"0SLYjlQLgByKwkywharInA.10","action":"CompareDataConsistency result: ", "result":"Compare result: Edge E Drop is consistent. local entities count is: 0 local entities hash is: "}
{"logTime": "0913/230921", "correlationVector":"0SLYjlQLgByKwkywharInA.11","action":"CompareDataConsistency result: ", "result":"Compare result: Edge Tab Group is consistent. local entities count is: 0 local entities hash is: "}
{"logTime": "0913/230921", "correlationVector":"0SLYjlQLgByKwkywharInA.12","action":"CompareDataConsistency result: ", "result":"Compare result: Edge Wallet is consistent. local entities count is: 0 local entities hash is: "}
{"logTime": "0913/230921", "correlationVector":"0SLYjlQLgByKwkywharInA.13","action":"CompareDataConsistency result: ", "result":"Compare result: Passwords is consistent. local entities count is: 15 local entities hash is: 1NaXtea8XW6V7nceJGgn1Fygy3M="}
{"logTime": "0913/230921", "correlationVector":"","action":"DIAGNOSTIC_REQUEST|v1/diagnosticData/Diagnostic.SendCheckResult()|SUCCESS", "result":""}
{"logTime": "0913/231000", "correlationVector":"r5/JJvbb54P8X5NE97w/NK","action":"Commit Request", "result":"", "context":Item count: 1
Contributing types: Sessions}
{"logTime": "0913/231001", "correlationVector":"r5/JJvbb54P8X5NE97w/NK.1","action":"SyncServerConnectionManagerRequest", "result":"SYNC_SERVER_OK", "context":{"environment":"Prod_EastUS2_000e", "migrationStage":"NotStarted", "server":"GENERAL0100001R"}}
{"logTime": "0913/231001", "correlationVector":"r5/JJvbb54P8X5NE97w/NK.2","action":"Commit Response", "result":"Success", "context":Result: Success. cV=r5/JJvbb54P8X5NE97w/NK.0;server=GENERAL0100001R;cloudType=Consumer;environment=Prod_EastUS2_000e;migrationStage=NotStarted}
